SF:lib\src\tools\utils.dart
DA:2,1
DA:3,1
DA:4,3
DA:7,1
DA:8,1
DA:9,3
DA:12,1
DA:13,1
DA:14,3
DA:17,1
DA:21,3
DA:22,2
DA:23,1
DA:24,1
DA:27,1
DA:28,1
DA:30,1
DA:33,1
DA:40,0
DA:41,0
DA:42,0
DA:43,0
DA:52,0
DA:53,0
DA:56,1
DA:57,1
DA:58,1
DA:59,2
DA:60,1
DA:63,1
DA:64,2
DA:67,1
DA:68,1
DA:69,3
DA:70,2
LF:35
LH:29
end_of_record
SF:lib\src\backend\action_response.dart
DA:2,6
DA:5,6
DA:7,4
DA:10,4
DA:12,3
DA:15,3
DA:20,16
DA:22,16
DA:24,18
DA:26,4
DA:28,8
DA:30,2
DA:31,8
LF:13
LH:13
end_of_record
SF:lib\src\backend\interactor.dart
DA:4,4
DA:9,2
DA:12,6
DA:13,2
DA:16,2
DA:17,6
DA:18,2
DA:22,0
DA:23,0
DA:25,0
LF:10
LH:7
end_of_record
SF:lib\src\backend\backend_action_initializer.dart
DA:5,8
DA:9,0
DA:18,8
DA:19,8
DA:20,32
DA:22,0
DA:23,0
DA:27,0
DA:28,0
DA:29,0
DA:30,0
DA:33,0
DA:34,0
LF:13
LH:4
end_of_record
SF:lib\src\backend\backend.dart
DA:30,8
DA:32,8
DA:33,8
DA:34,24
DA:35,24
DA:36,8
DA:37,8
DA:43,8
DA:44,8
DA:47,4
DA:49,0
DA:50,0
DA:55,0
DA:61,4
DA:62,4
DA:67,4
DA:75,8
DA:76,8
DA:77,16
DA:78,0
DA:79,0
DA:80,0
DA:81,0
DA:82,0
DA:84,0
DA:88,8
DA:89,40
DA:93,24
DA:94,8
DA:95,4
DA:99,8
DA:100,4
DA:101,8
DA:102,8
DA:103,6
DA:104,6
DA:107,2
DA:108,2
DA:109,2
DA:112,2
DA:113,0
DA:114,2
DA:115,2
DA:116,2
DA:117,2
DA:118,2
DA:120,8
DA:121,8
DA:122,8
DA:123,0
DA:124,8
DA:125,8
DA:131,2
DA:132,2
DA:133,4
DA:134,2
DA:135,4
DA:137,0
DA:141,2
DA:142,10
DA:146,6
DA:147,2
DA:148,0
DA:152,2
DA:153,0
DA:154,2
DA:155,4
DA:156,0
DA:157,0
DA:160,0
DA:161,0
DA:162,0
DA:165,0
DA:166,0
DA:167,0
DA:168,0
DA:169,0
DA:170,0
DA:171,0
DA:173,2
DA:174,2
DA:175,2
DA:176,0
DA:177,2
DA:178,2
DA:179,2
DA:184,2
DA:185,6
DA:187,0
DA:189,4
DA:192,8
DA:193,16
DA:194,8
DA:195,16
DA:196,16
DA:197,8
DA:202,8
DA:203,24
DA:205,2
DA:206,2
DA:207,6
DA:208,4
DA:209,4
DA:210,2
DA:213,2
DA:214,4
DA:219,16
DA:220,16
LF:108
LH:80
end_of_record
SF:lib\src\backend\backend_argument.dart
DA:8,8
LF:1
LH:1
end_of_record
SF:lib\src\maybe.dart
DA:5,8
DA:9,8
DA:10,2
DA:11,4
DA:13,4
DA:14,4
DA:16,6
DA:17,6
DA:25,4
DA:26,12
DA:27,0
DA:28,0
DA:30,0
DA:32,4
DA:35,2
DA:36,6
DA:37,0
DA:38,0
DA:40,0
DA:42,2
DA:45,0
DA:47,4
DA:49,16
DA:51,12
DA:53,8
DA:54,8
DA:55,8
DA:56,6
DA:57,4
DA:59,12
DA:63,0
DA:64,0
DA:65,0
DA:66,0
DA:69,0
DA:70,0
LF:36
LH:23
end_of_record
SF:lib\src\frontend\frontend.dart
DA:24,0
DA:27,8
DA:30,8
DA:34,8
DA:35,8
DA:36,8
DA:37,8
DA:38,16
DA:39,16
DA:40,16
DA:42,0
DA:44,16
DA:45,8
DA:49,8
DA:55,0
DA:56,0
DA:57,0
DA:58,0
DA:61,16
DA:62,0
DA:63,16
DA:64,16
DA:65,8
DA:68,4
DA:69,4
DA:71,2
DA:82,4
DA:90,10
DA:95,10
DA:96,30
DA:100,10
DA:101,20
DA:102,20
DA:103,20
DA:104,30
DA:108,10
DA:109,20
DA:110,20
DA:111,20
DA:112,50
DA:115,8
DA:116,8
DA:117,16
DA:119,0
DA:123,8
DA:124,16
DA:125,16
DA:127,8
DA:129,16
DA:132,8
DA:133,8
DA:135,16
DA:136,0
DA:138,8
DA:139,16
DA:140,8
DA:141,8
DA:142,16
DA:143,0
DA:146,0
DA:147,0
DA:148,0
DA:149,0
DA:150,0
DA:151,0
DA:152,0
DA:153,0
DA:154,0
DA:155,0
DA:158,8
DA:161,4
DA:163,20
DA:164,12
DA:165,4
DA:166,8
DA:167,2
DA:170,0
DA:171,0
DA:172,0
DA:173,0
DA:174,0
DA:175,0
DA:176,0
DA:177,0
DA:178,0
DA:179,0
DA:182,8
DA:185,8
DA:186,58
DA:189,2
DA:190,4
DA:191,10
DA:193,2
DA:194,4
DA:195,2
DA:196,0
DA:199,2
DA:201,2
DA:202,0
DA:203,0
DA:205,2
DA:208,8
DA:209,16
DA:210,0
DA:211,0
DA:212,0
LF:106
LH:70
end_of_record
SF:lib\src\frontend\frontend_action_subscriber.dart
DA:4,2
DA:8,0
DA:17,2
DA:22,2
DA:23,2
DA:24,2
DA:25,4
DA:30,6
DA:31,0
DA:33,8
DA:38,2
DA:39,6
DA:41,0
DA:43,8
DA:44,2
DA:45,0
DA:47,8
DA:48,2
DA:49,6
LF:19
LH:15
end_of_record
SF:lib\src\frontend\frontend_action_initializer.dart
DA:4,4
DA:8,0
DA:17,4
DA:18,4
DA:19,16
DA:21,0
DA:22,0
DA:26,0
DA:27,0
DA:28,0
DA:29,0
DA:32,0
DA:33,0
LF:13
LH:4
end_of_record
SF:lib\src\action_reducer.dart
DA:1,8
DA:2,16
DA:3,8
DA:5,0
DA:6,0
DA:7,0
DA:9,0
DA:10,0
DA:16,0
LF:9
LH:3
end_of_record
SF:lib\src\backend\backend_init_result.dart
DA:8,8
LF:1
LH:1
end_of_record
SF:lib\src\backend\child_backend_closer.dart
DA:6,0
LF:1
LH:0
end_of_record
SF:lib\src\backend\child_backend_initializer.dart
DA:8,0
LF:1
LH:0
end_of_record
SF:lib\src\backend\initializer_error_text.dart
DA:1,0
DA:44,0
LF:2
LH:0
end_of_record
SF:lib\src\data_bus\data_bus_request.dart
DA:7,2
LF:1
LH:1
end_of_record
SF:lib\src\data_bus\data_bus_response.dart
DA:8,2
LF:1
LH:1
end_of_record
SF:lib\src\in\in_abstract.dart
DA:5,0
LF:1
LH:0
end_of_record
SF:lib\src\message.dart
DA:7,11
DA:14,8
DA:23,0
DA:27,0
DA:31,0
DA:44,0
DA:45,0
DA:46,0
DA:47,0
DA:48,0
DA:49,0
DA:50,0
DA:53,0
DA:54,0
LF:14
LH:2
end_of_record
SF:lib\src\out\out_abstract.dart
DA:8,0
DA:19,16
LF:2
LH:1
end_of_record
SF:lib\src\tools\helpers.dart
DA:8,0
DA:10,0
DA:13,0
DA:15,0
DA:21,0
DA:22,0
DA:26,0
DA:29,8
DA:30,8
DA:33,0
DA:35,8
DA:38,8
DA:39,8
DA:40,8
DA:41,16
DA:44,0
DA:46,0
DA:47,0
DA:48,0
DA:49,0
DA:51,0
DA:54,0
DA:55,0
DA:58,4
DA:60,2
DA:62,2
DA:65,2
DA:69,8
DA:70,8
DA:71,8
DA:73,8
DA:78,0
DA:79,0
DA:82,12
LF:34
LH:16
end_of_record
SF:lib\src\transporter\container.dart
DA:5,8
LF:1
LH:1
end_of_record
SF:lib\src\transporter\transporter_native.dart
DA:6,8
DA:8,0
DA:10,16
DA:14,8
DA:15,32
LF:5
LH:4
end_of_record
SF:lib\src\backend\backend_create_result.dart
DA:7,8
LF:1
LH:1
end_of_record
SF:lib\src\data_bus\data_bus.dart
DA:9,8
DA:10,8
DA:12,24
DA:13,8
DA:20,8
DA:21,24
DA:22,8
DA:23,2
DA:24,0
DA:25,2
DA:26,2
DA:28,0
DA:32,8
DA:33,8
DA:34,32
DA:37,0
DA:38,0
DA:41,2
DA:42,6
DA:44,0
DA:46,2
DA:49,8
DA:50,40
DA:51,8
DA:55,8
DA:56,8
LF:26
LH:21
end_of_record
SF:lib\src\data_bus\data_bus_backend_init_message.dart
DA:4,9
DA:11,8
LF:2
LH:2
end_of_record
SF:lib\src\data_bus\data_bus_init_result.dart
DA:6,8
LF:1
LH:1
end_of_record
SF:lib\src\frontend\frontend_event_subscription.dart
DA:5,2
DA:20,4
DA:22,2
DA:23,2
DA:24,0
DA:26,4
DA:27,2
DA:28,0
DA:32,2
DA:33,2
DA:34,0
DA:36,2
DA:37,4
LF:13
LH:10
end_of_record
SF:lib\src\isolator\isolator_abstract.dart
DA:20,24
LF:1
LH:1
end_of_record
SF:lib\src\in\in_native.dart
DA:8,8
DA:9,16
DA:11,16
DA:13,16
DA:16,0
LF:5
LH:4
end_of_record
SF:lib\src\isolator\isolate_container.dart
DA:7,8
LF:1
LH:1
end_of_record
SF:lib\src\isolator\isolator_native.dart
DA:23,24
DA:26,16
DA:28,8
DA:31,24
DA:32,0
DA:33,8
DA:38,8
DA:44,16
DA:48,0
DA:49,16
DA:50,8
DA:51,0
DA:52,8
DA:54,8
DA:56,8
DA:57,0
DA:59,8
DA:61,0
DA:67,8
DA:71,8
DA:74,16
DA:75,24
DA:79,48
DA:80,0
DA:81,0
DA:82,0
DA:83,0
DA:86,8
DA:89,8
DA:90,24
DA:91,16
DA:93,0
DA:95,8
DA:98,8
DA:103,16
DA:104,8
DA:106,8
DA:107,8
DA:108,8
DA:109,8
DA:110,16
DA:111,8
DA:112,8
DA:113,8
DA:117,8
DA:119,0
DA:123,8
DA:124,16
DA:126,8
DA:127,8
DA:128,8
DA:134,16
DA:135,16
DA:136,8
DA:137,24
DA:139,8
DA:142,0
DA:144,16
DA:145,8
DA:148,8
DA:151,4
DA:156,8
DA:157,8
DA:159,8
DA:160,8
DA:161,16
DA:162,8
DA:164,0
DA:168,8
DA:169,24
DA:171,8
DA:174,16
DA:179,8
DA:180,16
DA:181,24
DA:182,16
DA:183,16
DA:184,16
DA:187,0
DA:194,0
DA:195,0
DA:196,0
DA:197,0
DA:198,0
DA:201,0
DA:202,0
DA:203,0
DA:204,0
DA:207,0
DA:208,0
DA:209,0
DA:210,0
DA:211,0
DA:212,0
DA:213,0
DA:217,0
DA:219,0
DA:223,0
DA:224,0
DA:225,0
DA:227,0
DA:228,0
DA:229,0
DA:232,0
DA:235,0
DA:236,0
DA:237,0
DA:240,0
DA:244,0
DA:245,0
DA:246,0
DA:247,0
DA:249,0
DA:251,0
DA:252,0
DA:258,0
DA:259,0
DA:262,24
DA:264,16
DA:267,16
LF:120
LH:68
end_of_record
SF:lib\src\out\out_native.dart
DA:10,16
DA:11,24
DA:13,8
DA:14,32
DA:16,8
DA:18,16
DA:28,24
DA:31,16
LF:8
LH:8
end_of_record
SF:lib\src\tools\benchmark.dart
DA:6,1
DA:7,1
DA:8,2
DA:9,0
DA:11,4
DA:15,1
DA:16,1
DA:17,2
DA:18,0
DA:20,8
DA:21,2
DA:25,0
DA:26,0
DA:29,0
DA:30,0
DA:33,0
DA:34,0
DA:37,0
DA:38,0
DA:39,0
DA:40,0
DA:42,0
DA:43,0
DA:48,3
LF:24
LH:10
end_of_record
