SF:lib/src/backend/interactor.dart
DA:12,3
DA:18,1
DA:25,2
DA:26,1
DA:29,1
DA:30,3
DA:31,1
DA:35,0
DA:36,0
DA:38,0
DA:39,0
DA:42,0
DA:43,0
DA:44,0
LF:14
LH:7
end_of_record
SF:lib/src/backend/backend_action_initializer.dart
DA:7,4
DA:11,4
DA:21,4
DA:24,4
DA:25,16
DA:27,0
DA:28,0
DA:34,0
DA:37,0
DA:41,0
DA:44,0
DA:49,0
DA:52,0
DA:56,0
DA:59,0
DA:62,0
DA:65,0
DA:66,0
DA:67,0
DA:70,0
DA:71,0
DA:72,0
LF:22
LH:5
end_of_record
SF:lib/src/backend/backend.dart
DA:35,4
DA:37,4
DA:38,4
DA:39,12
DA:40,12
DA:41,4
DA:42,4
DA:50,4
DA:51,4
DA:61,2
DA:68,0
DA:69,0
DA:74,0
DA:80,2
DA:81,2
DA:86,2
DA:94,4
DA:95,4
DA:96,4
DA:97,0
DA:98,0
DA:99,0
DA:101,0
DA:104,0
DA:105,0
DA:106,0
DA:108,0
DA:110,0
DA:115,4
DA:117,20
DA:121,4
DA:122,4
DA:123,4
DA:125,4
DA:130,4
DA:133,1
DA:135,1
DA:138,1
DA:140,1
DA:141,1
DA:142,1
DA:143,2
DA:144,1
DA:146,4
DA:147,4
DA:148,4
DA:150,4
DA:151,4
DA:157,1
DA:158,1
DA:159,1
DA:162,1
DA:163,1
DA:167,0
DA:169,0
DA:170,0
DA:174,1
DA:176,5
DA:180,1
DA:181,1
DA:182,1
DA:184,1
DA:189,1
DA:192,0
DA:194,0
DA:198,0
DA:200,0
DA:201,0
DA:202,0
DA:203,0
DA:205,1
DA:206,1
DA:207,1
DA:209,1
DA:210,1
DA:211,1
DA:216,1
DA:218,3
DA:220,0
DA:223,0
DA:224,0
DA:225,0
DA:226,0
DA:228,2
DA:231,4
DA:232,8
DA:233,4
DA:234,8
DA:235,8
DA:236,4
DA:241,4
DA:245,4
DA:246,4
DA:247,4
DA:253,1
DA:255,1
DA:256,3
DA:258,2
DA:259,1
DA:260,1
DA:263,1
DA:266,2
DA:272,8
DA:273,8
LF:104
LH:77
end_of_record
SF:lib/src/backend/backend_argument.dart
DA:15,4
LF:1
LH:1
end_of_record
SF:lib/src/maybe.dart
DA:16,4
DA:26,2
DA:27,6
DA:28,0
DA:29,0
DA:31,0
DA:32,0
DA:34,2
DA:38,4
DA:39,4
DA:40,4
DA:42,6
DA:47,0
DA:50,2
DA:53,8
DA:56,0
DA:57,0
DA:58,0
DA:61,0
DA:62,0
LF:20
LH:10
end_of_record
SF:lib/src/frontend/frontend.dart
DA:33,0
DA:37,4
DA:42,4
DA:46,4
DA:53,4
DA:54,4
DA:55,4
DA:56,4
DA:57,4
DA:59,8
DA:60,8
DA:62,0
DA:64,8
DA:65,4
DA:69,4
DA:75,0
DA:76,0
DA:77,0
DA:78,0
DA:79,0
DA:82,4
DA:83,0
DA:84,8
DA:85,8
DA:86,4
DA:91,2
DA:93,2
DA:101,1
DA:114,1
DA:118,1
DA:126,5
DA:132,5
DA:133,10
DA:137,5
DA:138,10
DA:139,10
DA:140,10
DA:141,15
DA:145,5
DA:147,10
DA:148,10
DA:149,10
DA:150,20
DA:153,4
DA:154,4
DA:155,4
DA:157,0
DA:161,4
DA:163,8
DA:164,4
DA:166,2
DA:168,8
DA:171,4
DA:173,4
DA:175,8
DA:176,0
DA:178,0
DA:180,0
DA:182,4
DA:183,12
DA:184,4
DA:185,8
DA:186,0
DA:189,0
DA:191,0
DA:192,0
DA:193,0
DA:194,0
DA:195,0
DA:196,0
DA:197,0
DA:198,0
DA:199,0
DA:202,4
DA:205,2
DA:209,2
DA:210,2
DA:211,2
DA:212,4
DA:214,6
DA:215,2
DA:216,4
DA:217,1
DA:220,0
DA:222,0
DA:223,0
DA:224,0
DA:225,0
DA:226,0
DA:227,0
DA:228,0
DA:229,0
DA:230,0
DA:231,0
DA:234,4
DA:237,4
DA:238,13
DA:239,16
DA:242,1
DA:243,2
DA:244,4
DA:245,1
DA:247,1
DA:248,2
DA:249,1
DA:250,0
DA:253,1
DA:255,1
DA:256,0
DA:257,0
DA:259,0
DA:260,0
DA:263,1
DA:266,4
DA:267,8
DA:268,0
DA:269,0
DA:270,0
DA:271,0
LF:119
LH:76
end_of_record
SF:lib/src/frontend/frontend_action_subscriber.dart
DA:6,1
DA:10,1
DA:20,1
DA:25,1
DA:26,1
DA:27,1
DA:28,2
DA:33,3
DA:34,0
DA:36,4
DA:41,1
DA:42,3
DA:44,0
DA:47,0
DA:49,1
DA:50,3
DA:52,1
DA:53,0
DA:56,0
DA:58,1
DA:59,3
DA:61,1
DA:62,3
LF:23
LH:18
end_of_record
SF:lib/src/frontend/frontend_action_initializer.dart
DA:6,2
DA:10,2
DA:21,2
DA:24,2
DA:25,8
DA:27,0
DA:28,0
DA:34,0
DA:36,0
DA:38,0
DA:41,0
DA:46,0
DA:47,0
DA:48,0
DA:51,0
DA:54,0
DA:55,0
DA:56,0
DA:57,0
DA:60,0
DA:61,0
DA:62,0
LF:22
LH:5
end_of_record
SF:lib/src/action_reducer.dart
DA:4,4
DA:9,8
DA:10,4
DA:12,0
DA:13,0
DA:14,0
DA:15,0
DA:17,0
DA:18,0
DA:24,0
DA:25,0
LF:11
LH:3
end_of_record
SF:lib/src/backend/backend_init_result.dart
DA:15,4
LF:1
LH:1
end_of_record
SF:lib/src/backend/child_backend_closer.dart
DA:11,0
LF:1
LH:0
end_of_record
SF:lib/src/backend/child_backend_initializer.dart
DA:12,0
LF:1
LH:0
end_of_record
SF:lib/src/backend/initializer_error_text.dart
DA:4,0
DA:51,0
LF:2
LH:0
end_of_record
SF:lib/src/data_bus/data_bus_request.dart
DA:14,1
LF:1
LH:1
end_of_record
SF:lib/src/data_bus/data_bus_response.dart
DA:14,1
LF:1
LH:1
end_of_record
SF:lib/src/in/in_abstract.dart
DA:12,0
LF:1
LH:0
end_of_record
SF:lib/src/message.dart
DA:22,4
DA:32,0
DA:36,0
DA:40,0
DA:66,0
DA:67,0
DA:68,0
DA:69,0
DA:70,0
DA:71,0
DA:72,0
DA:75,0
DA:76,0
LF:13
LH:1
end_of_record
SF:lib/src/out/out_abstract.dart
DA:14,0
DA:30,8
LF:2
LH:1
end_of_record
SF:lib/src/tools/helpers.dart
DA:8,0
DA:10,0
DA:14,0
DA:16,0
DA:23,0
DA:24,0
DA:26,0
DA:31,0
DA:35,4
DA:36,4
DA:37,4
DA:41,4
DA:42,8
DA:43,8
DA:47,2
DA:50,1
DA:52,1
DA:60,4
DA:61,4
DA:62,4
DA:64,4
DA:70,0
DA:71,0
DA:75,4
DA:76,2
LF:25
LH:15
end_of_record
SF:lib/src/transporter/container.dart
DA:10,4
LF:1
LH:1
end_of_record
SF:lib/src/transporter/transporter_native.dart
DA:7,4
DA:12,0
DA:14,4
DA:18,4
DA:19,4
DA:20,8
DA:21,4
LF:7
LH:6
end_of_record
SF:lib/src/data_bus/data_bus.dart
DA:16,4
DA:18,4
DA:20,12
DA:21,4
DA:28,4
DA:29,4
DA:30,8
DA:31,4
DA:32,1
DA:33,0
DA:34,0
DA:35,1
DA:36,1
DA:38,0
DA:42,4
DA:43,8
DA:44,16
DA:47,0
DA:48,0
DA:51,1
DA:52,3
DA:54,0
DA:55,0
DA:57,1
DA:60,4
DA:61,4
DA:62,16
DA:63,4
DA:68,4
DA:69,4
LF:30
LH:23
end_of_record
SF:lib/src/tools/packet.dart
DA:6,0
DA:11,0
DA:15,0
DA:21,0
DA:26,0
DA:33,0
DA:39,0
DA:47,0
DA:54,0
DA:65,0
DA:67,0
DA:74,0
DA:85,0
DA:87,0
DA:94,0
DA:109,0
DA:111,0
DA:118,0
DA:137,0
DA:139,0
DA:146,0
DA:169,0
DA:171,0
DA:178,0
DA:205,0
DA:207,0
DA:215,0
DA:246,0
DA:248,0
DA:256,0
DA:291,0
DA:293,0
DA:301,0
DA:340,0
DA:342,0
DA:350,0
DA:393,0
DA:395,0
LF:38
LH:0
end_of_record
SF:lib/src/backend/backend_create_result.dart
DA:11,4
LF:1
LH:1
end_of_record
SF:lib/src/isolator/isolator_abstract.dart
DA:29,8
DA:30,4
DA:33,0
LF:3
LH:2
end_of_record
SF:lib/src/data_bus/data_bus_backend_init_message.dart
DA:22,4
LF:1
LH:1
end_of_record
SF:lib/src/data_bus/data_bus_init_result.dart
DA:11,4
LF:1
LH:1
end_of_record
SF:lib/src/frontend/frontend_event_subscription.dart
DA:12,1
DA:31,2
DA:34,1
DA:35,1
DA:36,0
DA:38,2
DA:39,1
DA:40,0
DA:45,1
DA:46,1
DA:47,0
DA:49,1
DA:50,2
LF:13
LH:10
end_of_record
SF:lib/src/in/in_native.dart
DA:11,4
DA:12,8
DA:15,8
DA:18,8
DA:22,0
LF:5
LH:4
end_of_record
SF:lib/src/isolator/isolate_container.dart
DA:13,4
LF:1
LH:1
end_of_record
SF:lib/src/isolator/isolator_native.dart
DA:26,12
DA:31,8
DA:33,4
DA:36,12
DA:39,4
DA:43,4
DA:50,4
DA:55,8
DA:56,4
DA:58,4
DA:60,4
DA:62,4
DA:63,0
DA:66,4
DA:73,4
DA:78,4
DA:81,8
DA:82,8
DA:83,4
DA:89,20
DA:90,4
DA:91,0
DA:92,0
DA:93,0
DA:94,0
DA:96,0
DA:99,4
DA:102,4
DA:103,12
DA:104,4
DA:106,0
DA:108,4
DA:111,4
DA:116,8
DA:117,4
DA:119,4
DA:120,4
DA:121,4
DA:122,4
DA:123,4
DA:124,8
DA:125,4
DA:126,4
DA:131,4
DA:133,0
DA:138,4
DA:139,4
DA:141,4
DA:142,4
DA:143,4
DA:147,4
DA:150,4
DA:151,4
DA:152,12
DA:154,4
DA:159,8
DA:160,4
DA:167,4
DA:170,1
DA:175,4
DA:176,4
DA:178,4
DA:179,4
DA:180,8
DA:181,4
DA:183,0
DA:188,4
DA:190,4
DA:192,4
DA:195,4
DA:200,4
DA:201,8
DA:202,8
DA:203,8
DA:204,8
DA:205,8
DA:208,0
DA:215,0
DA:216,0
DA:217,0
DA:218,0
DA:219,0
DA:222,0
DA:223,0
DA:224,0
DA:225,0
DA:228,0
DA:229,0
DA:230,0
DA:231,0
DA:232,0
DA:233,0
DA:234,0
DA:238,0
DA:240,0
DA:245,0
DA:246,0
DA:247,0
DA:249,0
DA:250,0
DA:251,0
DA:254,0
DA:257,0
DA:258,0
DA:259,0
DA:265,0
DA:269,0
DA:270,0
DA:271,0
DA:272,0
DA:274,0
DA:276,0
DA:277,0
DA:283,0
DA:284,0
DA:287,12
DA:289,8
DA:293,4
DA:294,4
DA:295,4
LF:120
LH:72
end_of_record
SF:lib/src/isolator/isolator_web.dart
DA:21,0
DA:23,0
DA:28,0
DA:33,0
DA:40,0
DA:43,0
DA:44,0
DA:46,0
DA:48,0
DA:49,0
DA:50,0
DA:51,0
DA:52,0
DA:53,0
DA:54,0
DA:55,0
DA:59,0
DA:61,0
DA:67,0
DA:68,0
DA:69,0
DA:70,0
DA:71,0
DA:76,0
DA:77,0
DA:78,0
DA:79,0
DA:80,0
DA:81,0
DA:88,0
DA:93,0
DA:94,0
DA:98,0
DA:101,0
DA:106,0
DA:107,0
DA:109,0
DA:110,0
DA:111,0
DA:112,0
DA:114,0
DA:120,0
DA:122,0
DA:123,0
DA:128,0
DA:132,0
DA:133,0
DA:134,0
LF:48
LH:0
end_of_record
SF:lib/src/out/out_native.dart
DA:13,8
DA:14,12
DA:16,4
DA:17,16
DA:19,4
DA:26,8
DA:35,4
DA:36,8
DA:40,8
LF:9
LH:9
end_of_record
